<?xml version="1.0" encoding="UTF-8"?>
<!-- Generated by org.testng.reporters.JUnitReportReporter -->
<testsuite hostname="INBLRWIT218734" failures="0" tests="1" name="com.myapp.logout.LogoutTest" time="0.005" errors="0" timestamp="18 Jul 2019 15:24:58 GMT">
  <testcase classname="com.myapp.logout.LogoutTest" name="logout1" time="0.005"/>
</testsuite> <!-- com.myapp.logout.LogoutTest -->
