<?xml version="1.0" encoding="UTF-8"?>
<!-- Generated by org.testng.reporters.JUnitReportReporter -->
<testsuite hostname="INBLRWIT218734" failures="0" tests="1" name="com.myapp.home.HomeTest" time="0.007" errors="0" timestamp="18 Jul 2019 15:24:58 GMT">
  <testcase classname="com.myapp.home.HomeTest" name="navigateTab1" time="0.007"/>
</testsuite> <!-- com.myapp.home.HomeTest -->
