<?xml version="1.0" encoding="UTF-8"?>
<!-- Generated by org.testng.reporters.JUnitReportReporter -->
<testsuite hostname="INBLRWIT218734" failures="0" tests="1" name="com.myapp.login.LoginTest" time="0.008" errors="0" timestamp="18 Jul 2019 15:24:58 GMT">
  <testcase classname="com.myapp.login.LoginTest" name="loginusingUNPW" time="0.008"/>
</testsuite> <!-- com.myapp.login.LoginTest -->
